{"name": "Verify clearing when list is empty causes no error", "status": "broken", "statusDetails": {"message": "selenium.common.exceptions.NoSuchElementException: Message: no such element: Unable to locate element: {\"method\":\"css selector\",\"selector\":\".clear-completed\"}\n  (Session info: chrome=141.0.7390.108); For documentation on this error, please visit: https://www.selenium.dev/documentation/webdriver/troubleshooting/errors#nosuchelementexception\nStacktrace:\n\tGetHandleVerifier [0x0xbafe43+66515]\n\tGetHandleVerifier [0x0xbafe84+66580]\n\t(No symbol) [0x0x99dc48]\n\t(No symbol) [0x0x9e8704]\n\t(No symbol) [0x0x9e8aab]\n\t(No symbol) [0x0xa2f482]\n\t(No symbol) [0x0xa0b214]\n\t(No symbol) [0x0xa2cba7]\n\t(No symbol) [0x0xa0afc6]\n\t(No symbol) [0x0x9dc2ca]\n\t(No symbol) [0x0x9dd154]\n\tGetHandleVerifier [0x0xe07353+2521315]\n\tGetHandleVerifier [0x0xe022d3+2500707]\n\tGetHandleVerifier [0x0xbd7c94+229924]\n\tGetHandleVerifier [0x0xbc81f8+165768]\n\tGetHandleVerifier [0x0xbcecad+193085]\n\tGetHandleVerifier [0x0xbb8158+100072]\n\tGetHandleVerifier [0x0xbb82f0+100480]\n\tGetHandleVerifier [0x0xba25aa+11066]\n\tBaseThreadInitThunk [0x0x76ba5d49+25]\n\tRtlInitializeExceptionChain [0x0x7753d6db+107]\n\tRtlGetAppContainerNamedObjectPath [0x0x7753d661+561]", "trace": "self = <test_todo_app_edge_cases.TestTodoAppEdgeCases object at 0x0000022BAABBAC40>\nbrowser = <selenium.webdriver.chrome.webdriver.WebDriver (session=\"2c12704482f1bffb894121e0e16d7ca1\")>\nconfig = {'base_url': 'https://demo.playwright.dev/todomvc/', 'browser': 'chrome', 'implicit_wait': 5}\n\n    @allure.story(\"Clear with Empty List\")\n    @allure.title(\"Verify clearing when list is empty causes no error\")\n    @allure.severity(allure.severity_level.MINOR)\n    def test_clear_empty_list(self, browser, config):\n        page = TodoPage(browser)\n        page.load(config[\"base_url\"])\n    \n        with allure.step(\"Try to clear completed tasks when list is empty\"):\n>           page.clear_completed()\n\ntests\\test_todo_app_edge_cases.py:53: \n_ _ _ _ _ _ _ _ _ _ _ _ _ _ _ _ _ _ _ _ _ _ _ _ _ _ _ _ _ _ _ _ _ _ _ _ _ _ _ _ _ _ _ _ _ _ _ _ _ _ _ _ _ _ _ _ _ _ _ _ _ _ _ _ _ _ _ _ _ _ _ _ _ _\npages\\todo_page.py:39: in clear_completed\n    self.driver.find_element(*self.clear_completed_btn).click()\n    ^^^^^^^^^^^^^^^^^^^^^^^^^^^^^^^^^^^^^^^^^^^^^^^^^^^\n.venv\\Lib\\site-packages\\selenium\\webdriver\\remote\\webdriver.py:926: in find_element\n    return self.execute(Command.FIND_ELEMENT, {\"using\": by, \"value\": value})[\"value\"]\n           ^^^^^^^^^^^^^^^^^^^^^^^^^^^^^^^^^^^^^^^^^^^^^^^^^^^^^^^^^^^^^^^^^\n.venv\\Lib\\site-packages\\selenium\\webdriver\\remote\\webdriver.py:458: in execute\n    self.error_handler.check_response(response)\n_ _ _ _ _ _ _ _ _ _ _ _ _ _ _ _ _ _ _ _ _ _ _ _ _ _ _ _ _ _ _ _ _ _ _ _ _ _ _ _ _ _ _ _ _ _ _ _ _ _ _ _ _ _ _ _ _ _ _ _ _ _ _ _ _ _ _ _ _ _ _ _ _ _\n\nself = <selenium.webdriver.remote.errorhandler.ErrorHandler object at 0x0000022BAACE8FC0>\nresponse = {'status': 404, 'value': '{\"value\":{\"error\":\"no such element\",\"message\":\"no such element: Unable to locate element: {\\...]\\\\n\\\\tRtlInitializeExceptionChain [0x0x7753d6db+107]\\\\n\\\\tRtlGetAppContainerNamedObjectPath [0x0x7753d661+561]\\\\n\"}}'}\n\n    def check_response(self, response: dict[str, Any]) -> None:\n        \"\"\"Checks that a JSON response from the WebDriver does not have an\n        error.\n    \n        :Args:\n         - response - The JSON response from the WebDriver server as a dictionary\n           object.\n    \n        :Raises: If the response contains an error message.\n        \"\"\"\n        status = response.get(\"status\", None)\n        if not status or status == ErrorCode.SUCCESS:\n            return\n        value = None\n        message = response.get(\"message\", \"\")\n        screen: str = response.get(\"screen\", \"\")\n        stacktrace = None\n        if isinstance(status, int):\n            value_json = response.get(\"value\", None)\n            if value_json and isinstance(value_json, str):\n                try:\n                    value = json.loads(value_json)\n                    if isinstance(value, dict):\n                        if len(value) == 1:\n                            value = value[\"value\"]\n                        status = value.get(\"error\", None)\n                        if not status:\n                            status = value.get(\"status\", ErrorCode.UNKNOWN_ERROR)\n                            message = value.get(\"value\") or value.get(\"message\")\n                            if not isinstance(message, str):\n                                value = message\n                                message = message.get(\"message\") if isinstance(message, dict) else None\n                        else:\n                            message = value.get(\"message\", None)\n                except ValueError:\n                    pass\n    \n        exception_class: type[WebDriverException]\n        e = ErrorCode()\n        error_codes = [item for item in dir(e) if not item.startswith(\"__\")]\n        for error_code in error_codes:\n            error_info = getattr(ErrorCode, error_code)\n            if isinstance(error_info, list) and status in error_info:\n                exception_class = getattr(ExceptionMapping, error_code, WebDriverException)\n                break\n        else:\n            exception_class = WebDriverException\n    \n        if not value:\n            value = response[\"value\"]\n        if isinstance(value, str):\n            raise exception_class(value)\n        if message == \"\" and \"message\" in value:\n            message = value[\"message\"]\n    \n        screen = None  # type: ignore[assignment]\n        if \"screen\" in value:\n            screen = value[\"screen\"]\n    \n        stacktrace = None\n        st_value = value.get(\"stackTrace\") or value.get(\"stacktrace\")\n        if st_value:\n            if isinstance(st_value, str):\n                stacktrace = st_value.split(\"\\n\")\n            else:\n                stacktrace = []\n                try:\n                    for frame in st_value:\n                        line = frame.get(\"lineNumber\", \"\")\n                        file = frame.get(\"fileName\", \"<anonymous>\")\n                        if line:\n                            file = f\"{file}:{line}\"\n                        meth = frame.get(\"methodName\", \"<anonymous>\")\n                        if \"className\" in frame:\n                            meth = f\"{frame['className']}.{meth}\"\n                        msg = \"    at %s (%s)\"\n                        msg = msg % (meth, file)\n                        stacktrace.append(msg)\n                except TypeError:\n                    pass\n        if exception_class == UnexpectedAlertPresentException:\n            alert_text = None\n            if \"data\" in value:\n                alert_text = value[\"data\"].get(\"text\")\n            elif \"alert\" in value:\n                alert_text = value[\"alert\"].get(\"text\")\n            raise exception_class(message, screen, stacktrace, alert_text)  # type: ignore[call-arg]  # mypy is not smart enough here\n>       raise exception_class(message, screen, stacktrace)\nE       selenium.common.exceptions.NoSuchElementException: Message: no such element: Unable to locate element: {\"method\":\"css selector\",\"selector\":\".clear-completed\"}\nE         (Session info: chrome=141.0.7390.108); For documentation on this error, please visit: https://www.selenium.dev/documentation/webdriver/troubleshooting/errors#nosuchelementexception\nE       Stacktrace:\nE       \tGetHandleVerifier [0x0xbafe43+66515]\nE       \tGetHandleVerifier [0x0xbafe84+66580]\nE       \t(No symbol) [0x0x99dc48]\nE       \t(No symbol) [0x0x9e8704]\nE       \t(No symbol) [0x0x9e8aab]\nE       \t(No symbol) [0x0xa2f482]\nE       \t(No symbol) [0x0xa0b214]\nE       \t(No symbol) [0x0xa2cba7]\nE       \t(No symbol) [0x0xa0afc6]\nE       \t(No symbol) [0x0x9dc2ca]\nE       \t(No symbol) [0x0x9dd154]\nE       \tGetHandleVerifier [0x0xe07353+2521315]\nE       \tGetHandleVerifier [0x0xe022d3+2500707]\nE       \tGetHandleVerifier [0x0xbd7c94+229924]\nE       \tGetHandleVerifier [0x0xbc81f8+165768]\nE       \tGetHandleVerifier [0x0xbcecad+193085]\nE       \tGetHandleVerifier [0x0xbb8158+100072]\nE       \tGetHandleVerifier [0x0xbb82f0+100480]\nE       \tGetHandleVerifier [0x0xba25aa+11066]\nE       \tBaseThreadInitThunk [0x0x76ba5d49+25]\nE       \tRtlInitializeExceptionChain [0x0x7753d6db+107]\nE       \tRtlGetAppContainerNamedObjectPath [0x0x7753d661+561]\n\n.venv\\Lib\\site-packages\\selenium\\webdriver\\remote\\errorhandler.py:232: NoSuchElementException"}, "steps": [{"name": "Load Todo app at URL: 'https://demo.playwright.dev/todomvc/'", "status": "passed", "parameters": [{"name": "url", "value": "'https://demo.playwright.dev/todomvc/'"}], "start": 1761301948181, "stop": 1761301949027}, {"name": "Try to clear completed tasks when list is empty", "status": "broken", "statusDetails": {"message": "selenium.common.exceptions.NoSuchElementException: Message: no such element: Unable to locate element: {\"method\":\"css selector\",\"selector\":\".clear-completed\"}\n  (Session info: chrome=141.0.7390.108); For documentation on this error, please visit: https://www.selenium.dev/documentation/webdriver/troubleshooting/errors#nosuchelementexception\nStacktrace:\n\tGetHandleVerifier [0x0xbafe43+66515]\n\tGetHandleVerifier [0x0xbafe84+66580]\n\t(No symbol) [0x0x99dc48]\n\t(No symbol) [0x0x9e8704]\n\t(No symbol) [0x0x9e8aab]\n\t(No symbol) [0x0xa2f482]\n\t(No symbol) [0x0xa0b214]\n\t(No symbol) [0x0xa2cba7]\n\t(No symbol) [0x0xa0afc6]\n\t(No symbol) [0x0x9dc2ca]\n\t(No symbol) [0x0x9dd154]\n\tGetHandleVerifier [0x0xe07353+2521315]\n\tGetHandleVerifier [0x0xe022d3+2500707]\n\tGetHandleVerifier [0x0xbd7c94+229924]\n\tGetHandleVerifier [0x0xbc81f8+165768]\n\tGetHandleVerifier [0x0xbcecad+193085]\n\tGetHandleVerifier [0x0xbb8158+100072]\n\tGetHandleVerifier [0x0xbb82f0+100480]\n\tGetHandleVerifier [0x0xba25aa+11066]\n\tBaseThreadInitThunk [0x0x76ba5d49+25]\n\tRtlInitializeExceptionChain [0x0x7753d6db+107]\n\tRtlGetAppContainerNamedObjectPath [0x0x7753d661+561]\n\n", "trace": "  File \"C:\\Users\\PC\\PycharmProjects\\todoMVCProject\\tests\\test_todo_app_edge_cases.py\", line 53, in test_clear_empty_list\n    page.clear_completed()\n    ~~~~~~~~~~~~~~~~~~~~^^\n  File \"C:\\Users\\PC\\PycharmProjects\\todoMVCProject\\.venv\\Lib\\site-packages\\allure_commons\\_allure.py\", line 202, in impl\n    return func(*a, **kw)\n  File \"C:\\Users\\PC\\PycharmProjects\\todoMVCProject\\pages\\todo_page.py\", line 39, in clear_completed\n    self.driver.find_element(*self.clear_completed_btn).click()\n    ~~~~~~~~~~~~~~~~~~~~~~~~^^^^^^^^^^^^^^^^^^^^^^^^^^^\n  File \"C:\\Users\\PC\\PycharmProjects\\todoMVCProject\\.venv\\Lib\\site-packages\\selenium\\webdriver\\remote\\webdriver.py\", line 926, in find_element\n    return self.execute(Command.FIND_ELEMENT, {\"using\": by, \"value\": value})[\"value\"]\n           ~~~~~~~~~~~~^^^^^^^^^^^^^^^^^^^^^^^^^^^^^^^^^^^^^^^^^^^^^^^^^^^^^\n  File \"C:\\Users\\PC\\PycharmProjects\\todoMVCProject\\.venv\\Lib\\site-packages\\selenium\\webdriver\\remote\\webdriver.py\", line 458, in execute\n    self.error_handler.check_response(response)\n    ~~~~~~~~~~~~~~~~~~~~~~~~~~~~~~~~~^^^^^^^^^^\n  File \"C:\\Users\\PC\\PycharmProjects\\todoMVCProject\\.venv\\Lib\\site-packages\\selenium\\webdriver\\remote\\errorhandler.py\", line 232, in check_response\n    raise exception_class(message, screen, stacktrace)\n"}, "steps": [{"name": "Clear all completed tasks", "status": "broken", "statusDetails": {"message": "selenium.common.exceptions.NoSuchElementException: Message: no such element: Unable to locate element: {\"method\":\"css selector\",\"selector\":\".clear-completed\"}\n  (Session info: chrome=141.0.7390.108); For documentation on this error, please visit: https://www.selenium.dev/documentation/webdriver/troubleshooting/errors#nosuchelementexception\nStacktrace:\n\tGetHandleVerifier [0x0xbafe43+66515]\n\tGetHandleVerifier [0x0xbafe84+66580]\n\t(No symbol) [0x0x99dc48]\n\t(No symbol) [0x0x9e8704]\n\t(No symbol) [0x0x9e8aab]\n\t(No symbol) [0x0xa2f482]\n\t(No symbol) [0x0xa0b214]\n\t(No symbol) [0x0xa2cba7]\n\t(No symbol) [0x0xa0afc6]\n\t(No symbol) [0x0x9dc2ca]\n\t(No symbol) [0x0x9dd154]\n\tGetHandleVerifier [0x0xe07353+2521315]\n\tGetHandleVerifier [0x0xe022d3+2500707]\n\tGetHandleVerifier [0x0xbd7c94+229924]\n\tGetHandleVerifier [0x0xbc81f8+165768]\n\tGetHandleVerifier [0x0xbcecad+193085]\n\tGetHandleVerifier [0x0xbb8158+100072]\n\tGetHandleVerifier [0x0xbb82f0+100480]\n\tGetHandleVerifier [0x0xba25aa+11066]\n\tBaseThreadInitThunk [0x0x76ba5d49+25]\n\tRtlInitializeExceptionChain [0x0x7753d6db+107]\n\tRtlGetAppContainerNamedObjectPath [0x0x7753d661+561]\n\n", "trace": "  File \"C:\\Users\\PC\\PycharmProjects\\todoMVCProject\\.venv\\Lib\\site-packages\\allure_commons\\_allure.py\", line 202, in impl\n    return func(*a, **kw)\n  File \"C:\\Users\\PC\\PycharmProjects\\todoMVCProject\\pages\\todo_page.py\", line 39, in clear_completed\n    self.driver.find_element(*self.clear_completed_btn).click()\n    ~~~~~~~~~~~~~~~~~~~~~~~~^^^^^^^^^^^^^^^^^^^^^^^^^^^\n  File \"C:\\Users\\PC\\PycharmProjects\\todoMVCProject\\.venv\\Lib\\site-packages\\selenium\\webdriver\\remote\\webdriver.py\", line 926, in find_element\n    return self.execute(Command.FIND_ELEMENT, {\"using\": by, \"value\": value})[\"value\"]\n           ~~~~~~~~~~~~^^^^^^^^^^^^^^^^^^^^^^^^^^^^^^^^^^^^^^^^^^^^^^^^^^^^^\n  File \"C:\\Users\\PC\\PycharmProjects\\todoMVCProject\\.venv\\Lib\\site-packages\\selenium\\webdriver\\remote\\webdriver.py\", line 458, in execute\n    self.error_handler.check_response(response)\n    ~~~~~~~~~~~~~~~~~~~~~~~~~~~~~~~~~^^^^^^^^^^\n  File \"C:\\Users\\PC\\PycharmProjects\\todoMVCProject\\.venv\\Lib\\site-packages\\selenium\\webdriver\\remote\\errorhandler.py\", line 232, in check_response\n    raise exception_class(message, screen, stacktrace)\n"}, "start": 1761301949027, "stop": 1761301954085}], "start": 1761301949027, "stop": 1761301954132}], "attachments": [{"name": "Failure Screenshot", "source": "3d02b06d-00ce-4cfd-ad81-0039e2f6f98c-attachment.png", "type": "image/png"}], "start": 1761301948180, "stop": 1761301954134, "uuid": "a0905b73-e6c1-44e4-a5fb-d753acfb9d32", "historyId": "4e76829ae9483f47d92b855b3f39f38a", "testCaseId": "4e76829ae9483f47d92b855b3f39f38a", "fullName": "tests.test_todo_app_edge_cases.TestTodoAppEdgeCases#test_clear_empty_list", "labels": [{"name": "severity", "value": "minor"}, {"name": "feature", "value": "Todo App - Edge Cases"}, {"name": "story", "value": "Clear with Empty List"}, {"name": "parentSuite", "value": "tests"}, {"name": "suite", "value": "test_todo_app_edge_cases"}, {"name": "subSuite", "value": "TestTodoAppEdgeCases"}, {"name": "host", "value": "DESKTOP-VE99VBG"}, {"name": "thread", "value": "10468-MainThread"}, {"name": "framework", "value": "pytest"}, {"name": "language", "value": "cpython3"}, {"name": "package", "value": "tests.test_todo_app_edge_cases"}], "titlePath": ["tests", "test_todo_app_edge_cases.py", "TestTodoAppEdgeCases"]}