{"name": "Verify adding duplicate tasks shows both", "status": "failed", "statusDetails": {"message": "AssertionError: Expected 2 duplicate tasks\nassert 1 == 2\n +  where 1 = <built-in method count of list object at 0x00000184CBD2EC80>('Go running')\n +    where <built-in method count of list object at 0x00000184CBD2EC80> = ['Go running'].count", "trace": "self = <test_todo_app_extended.TestTodoAppExtended object at 0x00000184CA7F96D0>\nbrowser = <selenium.webdriver.chrome.webdriver.WebDriver (session=\"02d9fcb03821f27dd93e6c4047297ef6\")>\nconfig = {'base_url': 'https://demo.playwright.dev/todomvc/', 'browser': 'chrome', 'implicit_wait': 5}\n\n    @allure.story(\"Duplicate Tasks\")\n    @allure.title(\"Verify adding duplicate tasks shows both\")\n    @allure.severity(allure.severity_level.NORMAL)\n    def test_duplicate_tasks_added(self, browser, config):\n        page = TodoPage(browser)\n        page.load(config[\"base_url\"])\n    \n        with allure.step(\"Add the same task twice\"):\n            page.add_task(\"Go running\")\n            page.add_task(\"Go running\")\n    \n        with allure.step(\"Verify two tasks appear in the list\"):\n            tasks = page.get_tasks()\n            texts = [t.text for t in tasks]\n>           assert texts.count(\"Go running\") == 2, \"Expected 2 duplicate tasks\"\nE           AssertionError: Expected 2 duplicate tasks\nE           assert 1 == 2\nE            +  where 1 = <built-in method count of list object at 0x00000184CBD2EC80>('Go running')\nE            +    where <built-in method count of list object at 0x00000184CBD2EC80> = ['Go running'].count\n\ntests\\test_todo_app_extended.py:38: AssertionError"}, "steps": [{"name": "Load TodoMVC page", "status": "passed", "parameters": [{"name": "url", "value": "'https://demo.playwright.dev/todomvc/'"}], "start": 1761302988426, "stop": 1761302990008}, {"name": "Add the same task twice", "status": "passed", "steps": [{"name": "Add task: 'Go running'", "status": "passed", "steps": [{"name": "Get all tasks", "status": "passed", "start": 1761302990008, "stop": 1761302995060}], "parameters": [{"name": "task_text", "value": "'Go running'"}], "start": 1761302990008, "stop": 1761302995658}, {"name": "Add task: 'Go running'", "status": "passed", "steps": [{"name": "Get all tasks", "status": "passed", "start": 1761302995658, "stop": 1761302995677}], "attachments": [{"name": "Duplicate task", "source": "e6e33bbb-5859-4eab-9a5b-81a369eb19e2-attachment.txt", "type": "text/plain"}], "parameters": [{"name": "task_text", "value": "'Go running'"}], "start": 1761302995658, "stop": 1761302995698}], "start": 1761302990008, "stop": 1761302995698}, {"name": "Verify two tasks appear in the list", "status": "failed", "statusDetails": {"message": "AssertionError: Expected 2 duplicate tasks\nassert 1 == 2\n +  where 1 = <built-in method count of list object at 0x00000184CBD2EC80>('Go running')\n +    where <built-in method count of list object at 0x00000184CBD2EC80> = ['Go running'].count\n", "trace": "  File \"C:\\Users\\PC\\PycharmProjects\\todoMVCProject\\tests\\test_todo_app_extended.py\", line 38, in test_duplicate_tasks_added\n    assert texts.count(\"Go running\") == 2, \"Expected 2 duplicate tasks\"\n"}, "steps": [{"name": "Get all tasks", "status": "passed", "start": 1761302995698, "stop": 1761302995706}], "start": 1761302995698, "stop": 1761302995713}], "attachments": [{"name": "Failure Screenshot", "source": "96abd5dc-0f24-4b5f-a8cf-d1816e205a7a-attachment.png", "type": "image/png"}], "start": 1761302988426, "stop": 1761302995714, "uuid": "cddb6ca6-b62c-41aa-a2b8-a6df39f19348", "historyId": "d91e73ede32dbed84c12ae5054eb9ee6", "testCaseId": "d91e73ede32dbed84c12ae5054eb9ee6", "fullName": "tests.test_todo_app_extended.TestTodoAppExtended#test_duplicate_tasks_added", "labels": [{"name": "severity", "value": "normal"}, {"name": "story", "value": "Duplicate Tasks"}, {"name": "feature", "value": "Todo App - Extended Scenarios"}, {"name": "parentSuite", "value": "tests"}, {"name": "suite", "value": "test_todo_app_extended"}, {"name": "subSuite", "value": "TestTodoAppExtended"}, {"name": "host", "value": "DESKTOP-VE99VBG"}, {"name": "thread", "value": "10788-MainThread"}, {"name": "framework", "value": "pytest"}, {"name": "language", "value": "cpython3"}, {"name": "package", "value": "tests.test_todo_app_extended"}], "titlePath": ["tests", "test_todo_app_extended.py", "TestTodoAppExtended"]}